<?xml version="1.0" encoding="UTF-8"?>
<!-- Generated by org.testng.reporters.JUnitReportReporter -->
<testsuite hostname="NODE153" name="seleniumAssignments.tests.ToolsQaStoreDemoTest" tests="2" failures="0" timestamp="28 Oct 2016 05:01:11 GMT" time="79.784" errors="0">
  <testcase name="testToolsQa" time="46.028" classname="seleniumAssignments.tests.ToolsQaStoreDemoTest"/>
  <testcase name="testStoreDemo" time="33.756" classname="seleniumAssignments.tests.ToolsQaStoreDemoTest"/>
</testsuite> <!-- seleniumAssignments.tests.ToolsQaStoreDemoTest -->
