<?xml version="1.0" encoding="UTF-8"?>
<!-- Generated by org.testng.reporters.JUnitReportReporter -->
<testsuite hostname="NODE153" name="seleniumAssignments.tests.ToolsQaFrameStoreDemoTest" tests="2" failures="0" timestamp="26 Oct 2016 11:00:51 GMT" time="64.916" errors="0">
  <testcase name="testm1" time="35.783" classname="seleniumAssignments.tests.ToolsQaFrameStoreDemoTest"/>
  <testcase name="testm2" time="29.133" classname="seleniumAssignments.tests.ToolsQaFrameStoreDemoTest"/>
</testsuite> <!-- seleniumAssignments.tests.ToolsQaFrameStoreDemoTest -->
